Detecting CXX compiler ABI info failed to compile with the following output:
Change Dir: /Users/vkniaziev/Desktop/utag/CMakeFiles/CMakeTmp

Run Build Command(s):/usr/bin/make cmTC_8c3cf/fast && /Library/Developer/CommandLineTools/usr/bin/make  -f CMakeFiles/cmTC_8c3cf.dir/build.make CMakeFiles/cmTC_8c3cf.dir/build
Building CXX object CMakeFiles/cmTC_8c3cf.dir/CMakeCXXCompilerABI.cpp.o
/Library/Developer/CommandLineTools/usr/bin/c++   -isysroot /Library/Developer/CommandLineTools/SDKs/MacOSX10.14.sdk   -v -Wl,-v -o CMakeFiles/cmTC_8c3cf.dir/CMakeCXXCompilerABI.cpp.o -c /Users/vkniaziev/.brew/Cellar/cmake/3.18.2/share/cmake/Modules/CMakeCXXCompilerABI.cpp
Apple LLVM version 10.0.1 (clang-1001.0.46.4)
Target: x86_64-apple-darwin18.7.0
Thread model: posix
InstalledDir: /Library/Developer/CommandLineTools/usr/bin
clang: warning: -Wl,-v: 'linker' input unused [-Wunused-command-line-argument]
 "/Library/Developer/CommandLineTools/usr/bin/clang" -cc1 -triple x86_64-apple-macosx10.14.0 -Wdeprecated-objc-isa-usage -Werror=deprecated-objc-isa-usage -emit-obj -mrelax-all -disable-free -disable-llvm-verifier -discard-value-names -main-file-name CMakeCXXCompilerABI.cpp -mrelocation-model pic -pic-level 2 -mthread-model posix -mdisable-fp-elim -fno-strict-return -masm-verbose -munwind-tables -target-sdk-version=10.14 -target-cpu penryn -dwarf-column-info -debugger-tuning=lldb -target-linker-version 450.3 -v -coverage-notes-file /Users/vkniaziev/Desktop/utag/CMakeFiles/CMakeTmp/CMakeFiles/cmTC_8c3cf.dir/CMakeCXXCompilerABI.cpp.gcno -resource-dir /Library/Developer/CommandLineTools/usr/lib/clang/10.0.1 -isysroot /Library/Developer/CommandLineTools/SDKs/MacOSX10.14.sdk -stdlib=libc++ -Wno-atomic-implicit-seq-cst -Wno-framework-include-private-from-public -Wno-atimport-in-framework-header -Wno-quoted-include-in-framework-header -fdeprecated-macro -fdebug-compilation-dir /Users/vkniaziev/Desktop/utag/CMakeFiles/CMakeTmp -ferror-limit 19 -fmessage-length 0 -stack-protector 1 -fblocks -fencode-extended-block-signature -fregister-global-dtors-with-atexit -fobjc-runtime=macosx-10.14.0 -fcxx-exceptions -fexceptions -fmax-type-align=16 -fdiagnostics-show-option -o CMakeFiles/cmTC_8c3cf.dir/CMakeCXXCompilerABI.cpp.o -x c++ /Users/vkniaziev/.brew/Cellar/cmake/3.18.2/share/cmake/Modules/CMakeCXXCompilerABI.cpp
clang -cc1 version 10.0.1 (clang-1001.0.46.4) default target x86_64-apple-darwin18.7.0
ignoring nonexistent directory "/Library/Developer/CommandLineTools/SDKs/MacOSX10.14.sdk/usr/include/c++/v1"
ignoring nonexistent directory "/Library/Developer/CommandLineTools/SDKs/MacOSX10.14.sdk/usr/local/include"
ignoring nonexistent directory "/Library/Developer/CommandLineTools/SDKs/MacOSX10.14.sdk/Library/Frameworks"
#include "..." search starts here:
#include <...> search starts here:
 /Library/Developer/CommandLineTools/usr/include/c++/v1
 /Library/Developer/CommandLineTools/usr/lib/clang/10.0.1/include
 /Library/Developer/CommandLineTools/usr/include
 /Library/Developer/CommandLineTools/SDKs/MacOSX10.14.sdk/usr/include
 /Library/Developer/CommandLineTools/SDKs/MacOSX10.14.sdk/System/Library/Frameworks (framework directory)
End of search list.
Linking CXX executable cmTC_8c3cf
/Users/vkniaziev/.brew/Cellar/cmake/3.18.2/bin/cmake -E cmake_link_script CMakeFiles/cmTC_8c3cf.dir/link.txt --verbose=1
/Library/Developer/CommandLineTools/usr/bin/c++  -isysroot /Library/Developer/CommandLineTools/SDKs/MacOSX10.14.sdk -Wl,-search_paths_first -Wl,-headerpad_max_install_names  -v -Wl,-v CMakeFiles/cmTC_8c3cf.dir/CMakeCXXCompilerABI.cpp.o -o cmTC_8c3cf 
Apple LLVM version 10.0.1 (clang-1001.0.46.4)
Target: x86_64-apple-darwin18.7.0
Thread model: posix
InstalledDir: /Library/Developer/CommandLineTools/usr/bin
 "/Library/Developer/CommandLineTools/usr/bin/ld" -demangle -lto_library /Library/Developer/CommandLineTools/usr/lib/libLTO.dylib -dynamic -arch x86_64 -macosx_version_min 10.14.0 -syslibroot /Library/Developer/CommandLineTools/SDKs/MacOSX10.14.sdk -o cmTC_8c3cf -search_paths_first -headerpad_max_install_names -v CMakeFiles/cmTC_8c3cf.dir/CMakeCXXCompilerABI.cpp.o -lc++ -lSystem /Library/Developer/CommandLineTools/usr/lib/clang/10.0.1/lib/darwin/libclang_rt.osx.a
@(#)PROGRAM:ld  PROJECT:ld64-450.3
BUILD 18:16:53 Apr  5 2019
configured to support archs: armv6 armv7 armv7s arm64 arm64e arm64_32 i386 x86_64 x86_64h armv6m armv7k armv7m armv7em
Library search paths:
	/Library/Developer/CommandLineTools/SDKs/MacOSX10.14.sdk/usr/lib
Framework search paths:
	/Library/Developer/CommandLineTools/SDKs/MacOSX10.14.sdk/System/Library/Frameworks/


Cannot copy output executable
  '/Users/vkniaziev/Desktop/utag/CMakeFiles/CMakeTmp/cmTC_8c3cf'
to destination specified by COPY_FILE:
  '/Users/vkniaziev/Desktop/utag/CMakeFiles/3.18.2/CMakeDetermineCompilerABI_CXX.bin'


Determining if the CXX compiler works failed with the following output:
Change Dir: /Users/vkniaziev/Desktop/utag/CMakeFiles/CMakeTmp

Run Build Command(s):/usr/bin/make cmTC_f05be/fast && /Library/Developer/CommandLineTools/usr/bin/make  -f CMakeFiles/cmTC_f05be.dir/build.make CMakeFiles/cmTC_f05be.dir/build
Building CXX object CMakeFiles/cmTC_f05be.dir/testCXXCompiler.cxx.o
/Library/Developer/CommandLineTools/usr/bin/c++   -isysroot /Library/Developer/CommandLineTools/SDKs/MacOSX10.14.sdk -o CMakeFiles/cmTC_f05be.dir/testCXXCompiler.cxx.o -c /Users/vkniaziev/Desktop/utag/CMakeFiles/CMakeTmp/testCXXCompiler.cxx
error: unable to open output file 'CMakeFiles/cmTC_f05be.dir/testCXXCompiler.cxx.o': 'No space left on device'
1 error generated.
make[1]: *** [CMakeFiles/cmTC_f05be.dir/testCXXCompiler.cxx.o] Error 1
make: *** [cmTC_f05be/fast] Error 2



Performing C++ SOURCE FILE Test HAVE_ISO_STRDUP failed with the following output:
Change Dir: /Users/vkniaziev/Desktop/utag/CMakeFiles/CMakeTmp

Run Build Command(s):/usr/bin/make cmTC_15212/fast && /Library/Developer/CommandLineTools/usr/bin/make  -f CMakeFiles/cmTC_15212.dir/build.make CMakeFiles/cmTC_15212.dir/build
Building CXX object CMakeFiles/cmTC_15212.dir/src.cxx.o
/Library/Developer/CommandLineTools/usr/bin/c++    -DHAVE_ISO_STRDUP -isysroot /Library/Developer/CommandLineTools/SDKs/MacOSX10.14.sdk   -o CMakeFiles/cmTC_15212.dir/src.cxx.o -c /Users/vkniaziev/Desktop/utag/CMakeFiles/CMakeTmp/src.cxx
/Users/vkniaziev/Desktop/utag/CMakeFiles/CMakeTmp/src.cxx:4:5: error: use of undeclared identifier '_strdup'; did you mean 'strdup'?
    _strdup(0);
    ^~~~~~~
    strdup
/Library/Developer/CommandLineTools/SDKs/MacOSX10.14.sdk/usr/include/string.h:117:7: note: 'strdup' declared here
char    *strdup(const char *__s1);
         ^
1 error generated.
make[1]: *** [CMakeFiles/cmTC_15212.dir/src.cxx.o] Error 1
make: *** [cmTC_15212/fast] Error 2


Source file was:

  #include <cstring>
  int main() {
    _strdup(0);
    return 0;
  }

Determining if the function __RTTI___ exists in the Crun failed with the following output:
Change Dir: /Users/vkniaziev/Desktop/utag/CMakeFiles/CMakeTmp

Run Build Command(s):/usr/bin/make cmTC_b2214/fast && /Library/Developer/CommandLineTools/usr/bin/make  -f CMakeFiles/cmTC_b2214.dir/build.make CMakeFiles/cmTC_b2214.dir/build
Building C object CMakeFiles/cmTC_b2214.dir/CheckFunctionExists.c.o
/Library/Developer/CommandLineTools/usr/bin/cc   -DCHECK_FUNCTION_EXISTS=__RTTI___ -isysroot /Library/Developer/CommandLineTools/SDKs/MacOSX10.14.sdk   -o CMakeFiles/cmTC_b2214.dir/CheckFunctionExists.c.o   -c /Applications/CLion.app/Contents/bin/cmake/mac/share/cmake-3.17/Modules/CheckFunctionExists.c
Linking C executable cmTC_b2214
/Applications/CLion.app/Contents/bin/cmake/mac/bin/cmake -E cmake_link_script CMakeFiles/cmTC_b2214.dir/link.txt --verbose=1
/Library/Developer/CommandLineTools/usr/bin/cc  -DCHECK_FUNCTION_EXISTS=__RTTI___ -isysroot /Library/Developer/CommandLineTools/SDKs/MacOSX10.14.sdk -Wl,-search_paths_first -Wl,-headerpad_max_install_names   CMakeFiles/cmTC_b2214.dir/CheckFunctionExists.c.o  -o cmTC_b2214  -lCrun 
ld: library not found for -lCrun
clang: error: linker command failed with exit code 1 (use -v to see invocation)
make[1]: *** [cmTC_b2214] Error 1
make: *** [cmTC_b2214/fast] Error 2



